<?xml version="1.0" encoding="UTF-8" ?>
<testsuite tests="8" failures="0" name="mine.runner.CucumberRunnerTest" time="55.91" errors="2" skipped="0">
  <properties>
[...]
</properties>
  <testcase classname="Access HomePage" name="Verify if an user can change the language at HomePage" time="9.262"/>
  <testcase classname="Access HomePage" name="Verify an user can not change the language at HomePage" time="7.483"/>
  <testcase classname="Access HomePage" name="Verify that users can selects &lt;location&gt; on the Home Page from Location area" time="6.82"/>
  <testcase classname="Access HomePage" name="Select &lt;location&gt; from Location area" time="3.891"/>
  <testcase classname="Access HomePage" name="Verify that users can select &lt;department&gt; on the home page from the department area" time="4.32"/>
  <testcase classname="Access HomePage" name="Verify that users can select &lt;job&gt; on the home page from the job area" time="5.006"/>
  <testcase classname="Access HomePage" name="Verify that users can select &lt;Date&gt; &amp; &lt;Time&gt; from Date area" time="9.237">
    <error message="no such element: Unable to locate element: {&quot;method&quot;:&quot;xpath&quot;,&quot;selector&quot;:&quot;//div[contains(text(),&apos;Consultas sobre futbol base&apos;)]//ancestor::mat-radio-button&quot;}
  (Session info: chrome=102.0.5005.63)
For documentation on this error, please visit: https://www.seleniumhq.org/exceptions/no_such_element.html
Build info: version: &apos;3.141.59&apos;, revision: &apos;e82be7d358&apos;, time: &apos;2018-11-14T08:17:03&apos;
System info: host: &apos;HL-01023&apos;, ip: &apos;10.50.8.5&apos;, os.name: &apos;Windows 10&apos;, os.arch: &apos;x86&apos;, os.version: &apos;10.0&apos;, java.version: &apos;1.8.0_321&apos;
Driver info: org.openqa.selenium.chrome.ChromeDriver
Capabilities {acceptInsecureCerts: false, browserName: chrome, browserVersion: 102.0.5005.63, chrome: {chromedriverVersion: 102.0.5005.61 (0e59bcc00cc4..., userDataDir: C:\Users\tnerghes\AppData\L...}, goog:chromeOptions: {debuggerAddress: localhost:50577}, javascriptEnabled: true, networkConnectionEnabled: false, pageLoadStrategy: normal, platform: WINDOWS, platformName: WINDOWS, proxy: Proxy(), setWindowRect: true, strictFileInteractability: false, timeouts: {implicit: 0, pageLoad: 300000, script: 30000}, unhandledPromptBehavior: dismiss and notify, webauthn:extension:credBlob: true, webauthn:extension:largeBlob: true, webauthn:virtualAuthenticators: true}
Session ID: 85de419b10aa5df808829c9cc89fd0cf
*** Element info: {Using=xpath, value=//div[contains(text(),&apos;Consultas sobre futbol base&apos;)]//ancestor::mat-radio-button}" type="org.openqa.selenium.NoSuchElementException">org.openqa.selenium.NoSuchElementException: no such element: Unable to locate element: {&quot;method&quot;:&quot;xpath&quot;,&quot;selector&quot;:&quot;//div[contains(text(),&apos;Consultas sobre futbol base&apos;)]//ancestor::mat-radio-button&quot;}
  (Session info: chrome=102.0.5005.63)
For documentation on this error, please visit: https://www.seleniumhq.org/exceptions/no_such_element.html
Build info: version: &apos;3.141.59&apos;, revision: &apos;e82be7d358&apos;, time: &apos;2018-11-14T08:17:03&apos;
System info: host: &apos;HL-01023&apos;, ip: &apos;10.50.8.5&apos;, os.name: &apos;Windows 10&apos;, os.arch: &apos;x86&apos;, os.version: &apos;10.0&apos;, java.version: &apos;1.8.0_321&apos;
Driver info: org.openqa.selenium.chrome.ChromeDriver
Capabilities {acceptInsecureCerts: false, browserName: chrome, browserVersion: 102.0.5005.63, chrome: {chromedriverVersion: 102.0.5005.61 (0e59bcc00cc4..., userDataDir: C:\Users\tnerghes\AppData\L...}, goog:chromeOptions: {debuggerAddress: localhost:50577}, javascriptEnabled: true, networkConnectionEnabled: false, pageLoadStrategy: normal, platform: WINDOWS, platformName: WINDOWS, proxy: Proxy(), setWindowRect: true, strictFileInteractability: false, timeouts: {implicit: 0, pageLoad: 300000, script: 30000}, unhandledPromptBehavior: dismiss and notify, webauthn:extension:credBlob: true, webauthn:extension:largeBlob: true, webauthn:virtualAuthenticators: true}
Session ID: 85de419b10aa5df808829c9cc89fd0cf
*** Element info: {Using=xpath, value=//div[contains(text(),&apos;Consultas sobre futbol base&apos;)]//ancestor::mat-radio-button}
	at sun.reflect.NativeConstructorAccessorImpl.newInstance0(Native Method)
	at sun.reflect.NativeConstructorAccessorImpl.newInstance(NativeConstructorAccessorImpl.java:62)
	at sun.reflect.DelegatingConstructorAccessorImpl.newInstance(DelegatingConstructorAccessorImpl.java:45)
	at java.lang.reflect.Constructor.newInstance(Constructor.java:423)
	at org.openqa.selenium.remote.http.W3CHttpResponseCodec.createException(W3CHttpResponseCodec.java:187)
	at org.openqa.selenium.remote.http.W3CHttpResponseCodec.decode(W3CHttpResponseCodec.java:122)
	at org.openqa.selenium.remote.http.W3CHttpResponseCodec.decode(W3CHttpResponseCodec.java:49)
	at org.openqa.selenium.remote.HttpCommandExecutor.execute(HttpCommandExecutor.java:158)
	at org.openqa.selenium.remote.service.DriverCommandExecutor.execute(DriverCommandExecutor.java:83)
	at org.openqa.selenium.remote.RemoteWebDriver.execute(RemoteWebDriver.java:552)
	at org.openqa.selenium.remote.RemoteWebDriver.findElement(RemoteWebDriver.java:323)
	at org.openqa.selenium.remote.RemoteWebDriver.findElementByXPath(RemoteWebDriver.java:428)
	at org.openqa.selenium.By$ByXPath.findElement(By.java:353)
	at org.openqa.selenium.remote.RemoteWebDriver.findElement(RemoteWebDriver.java:315)
	at org.openqa.selenium.support.pagefactory.DefaultElementLocator.findElement(DefaultElementLocator.java:69)
	at org.openqa.selenium.support.pagefactory.internal.LocatingElementHandler.invoke(LocatingElementHandler.java:38)
	at com.sun.proxy.$Proxy18.click(Unknown Source)
	at mine.pages.HomePage.clickJob(HomePage.java:169)
	at mine.stepdefs.HomePageSteps.SelectJob(HomePageSteps.java:98)
	at ✽.The user selects a radio button from &lt;job&gt;(file:///C:/Users/tnerghes/Desktop/Automatizacion%20UltimaVersionSintra/src/test/resources/homePage.feature:42)
</error>
    <system-out>
Scenario: Verify if an user can change the language at HomePage &amp;#27;[90m# src/test/resources/homePage.feature:6&amp;#27;[0m
  &amp;#27;[32mGiven &amp;#27;[0m&amp;#27;[32mthe user is on the home page&amp;#27;[0m                            &amp;#27;[90m# mine.stepdefs.HomePageSteps.NavigateAtHomePage()&amp;#27;[0m
  &amp;#27;[32mWhen &amp;#27;[0m&amp;#27;[32mthe user click English language display&amp;#27;[0m                  &amp;#27;[90m# mine.stepdefs.HomePageSteps.clickLanguageButton()&amp;#27;[0m
  &amp;#27;[32mThen &amp;#27;[0m&amp;#27;[32mThe user changed the language at HomePage successfully&amp;#27;[0m   &amp;#27;[90m# mine.stepdefs.HomePageSteps.theHomePageEnglish()&amp;#27;[0m

Scenario: Verify an user can not change the language at HomePage &amp;#27;[90m# src/test/resources/homePage.feature:10&amp;#27;[0m
  &amp;#27;[32mGiven &amp;#27;[0m&amp;#27;[32mthe user is on the home page&amp;#27;[0m                             &amp;#27;[90m# mine.stepdefs.HomePageSteps.NavigateAtHomePage()&amp;#27;[0m
  &amp;#27;[32mAnd &amp;#27;[0m&amp;#27;[32mthe user click English language display&amp;#27;[0m                    &amp;#27;[90m# mine.stepdefs.HomePageSteps.clickLanguageButton()&amp;#27;[0m
  &amp;#27;[32mThen &amp;#27;[0m&amp;#27;[32mThe HomePage did not loaded&amp;#27;[0m                               &amp;#27;[90m# mine.stepdefs.HomePageSteps.theHomePageDidNotLoaded()&amp;#27;[0m

@testcase02
Scenario: Verify that users can selects &lt;location&gt; on the Home Page from Location area                                                 &amp;#27;[90m# src/test/resources/homePage.feature:16&amp;#27;[0m
  &amp;#27;[32mGiven &amp;#27;[0m&amp;#27;[32mthe user is on the home page&amp;#27;[0m                                                                                                   &amp;#27;[90m# mine.stepdefs.HomePageSteps.NavigateAtHomePage()&amp;#27;[0m
  &amp;#27;[32mWhen &amp;#27;[0m&amp;#27;[32mThe user selects a radio button from &lt;location&gt;&amp;#27;[0m                                                                                 &amp;#27;[90m# mine.stepdefs.HomePageSteps.SelectLocation()&amp;#27;[0m
  &amp;#27;[32mThen &amp;#27;[0m&amp;#27;[32mLocation area is Folded while Department area is Deployed. The user can see on the right side the name of the Location selected&amp;#27;[0m &amp;#27;[90m# mine.stepdefs.HomePageSteps.locationIsDisplayed()&amp;#27;[0m

Scenario: Select &lt;location&gt; from Location area                                                                                                 &amp;#27;[90m# src/test/resources/homePage.feature:20&amp;#27;[0m
  &amp;#27;[32mGiven &amp;#27;[0m&amp;#27;[32mthe user is on the home page&amp;#27;[0m                                                                                                           &amp;#27;[90m# mine.stepdefs.HomePageSteps.NavigateAtHomePage()&amp;#27;[0m
  &amp;#27;[32mWhen &amp;#27;[0m&amp;#27;[32mThe user selects a radio button from &lt;location&gt;&amp;#27;[0m                                                                                         &amp;#27;[90m# mine.stepdefs.HomePageSteps.SelectLocation()&amp;#27;[0m
  &amp;#27;[32mThen &amp;#27;[0m&amp;#27;[32mLocation area is not Folded while Department area is Deployed. The user can not see on the right side the name of the Location selected&amp;#27;[0m &amp;#27;[90m# mine.stepdefs.HomePageSteps.locationSelectedError()&amp;#27;[0m

@testcase03
Scenario: Verify that users can select &lt;department&gt; on the home page from the department area                                       &amp;#27;[90m# src/test/resources/homePage.feature:25&amp;#27;[0m
  &amp;#27;[32mGiven &amp;#27;[0m&amp;#27;[32mthe user is on the home page&amp;#27;[0m                                                                                                &amp;#27;[90m# mine.stepdefs.HomePageSteps.NavigateAtHomePage()&amp;#27;[0m
  &amp;#27;[32mWhen &amp;#27;[0m&amp;#27;[32mThe user selects a radio button from &lt;location&gt;&amp;#27;[0m                                                                              &amp;#27;[90m# mine.stepdefs.HomePageSteps.SelectLocation()&amp;#27;[0m
  &amp;#27;[32mWhen &amp;#27;[0m&amp;#27;[32mThe user selects a radio button from &lt;department&gt;&amp;#27;[0m                                                                            &amp;#27;[90m# mine.stepdefs.HomePageSteps.SelectDepartment()&amp;#27;[0m
  &amp;#27;[32mThen &amp;#27;[0m&amp;#27;[32mDepartment area is Folded while Job area is Deployed. The user can see on the right side the name of the Department selected&amp;#27;[0m &amp;#27;[90m# mine.stepdefs.HomePageSteps.DepartmentIsSelected()&amp;#27;[0m

@testcase04
Scenario: Verify that users can select &lt;job&gt; on the home page from the job area                                        &amp;#27;[90m# src/test/resources/homePage.feature:31&amp;#27;[0m
  &amp;#27;[32mGiven &amp;#27;[0m&amp;#27;[32mthe user is on the home page&amp;#27;[0m                                                                                   &amp;#27;[90m# mine.stepdefs.HomePageSteps.NavigateAtHomePage()&amp;#27;[0m
  &amp;#27;[32mWhen &amp;#27;[0m&amp;#27;[32mThe user selects a radio button from &lt;location&gt;&amp;#27;[0m                                                                 &amp;#27;[90m# mine.stepdefs.HomePageSteps.SelectLocation()&amp;#27;[0m
  &amp;#27;[32mWhen &amp;#27;[0m&amp;#27;[32mThe user selects a radio button from &lt;department&gt;&amp;#27;[0m                                                               &amp;#27;[90m# mine.stepdefs.HomePageSteps.SelectDepartment()&amp;#27;[0m
  &amp;#27;[32mWhen &amp;#27;[0m&amp;#27;[32mThe user selects a radio button from &lt;job&gt;&amp;#27;[0m                                                                      &amp;#27;[90m# mine.stepdefs.HomePageSteps.SelectJob()&amp;#27;[0m
  &amp;#27;[32mThen &amp;#27;[0m&amp;#27;[32mJob area is Folded while Date area is Deployed. The user can see on the right side the name of the Job selected&amp;#27;[0m &amp;#27;[90m# mine.stepdefs.HomePageSteps.JobIsSelected()&amp;#27;[0m

@testcase05
Scenario: Verify that users can select &lt;Date&gt; &amp; &lt;Time&gt; from Date area                                                        &amp;#27;[90m# src/test/resources/homePage.feature:39&amp;#27;[0m
  &amp;#27;[32mGiven &amp;#27;[0m&amp;#27;[32mthe user is on the home page&amp;#27;[0m                                                                                         &amp;#27;[90m# mine.stepdefs.HomePageSteps.NavigateAtHomePage()&amp;#27;[0m
  &amp;#27;[32mWhen &amp;#27;[0m&amp;#27;[32mThe user selects a radio button from &lt;location&gt;&amp;#27;[0m                                                                       &amp;#27;[90m# mine.stepdefs.HomePageSteps.SelectLocation()&amp;#27;[0m
  &amp;#27;[32mWhen &amp;#27;[0m&amp;#27;[32mThe user selects a radio button from &lt;department&gt;&amp;#27;[0m                                                                     &amp;#27;[90m# mine.stepdefs.HomePageSteps.SelectDepartment()&amp;#27;[0m
  &amp;#27;[31mWhen &amp;#27;[0m&amp;#27;[31mThe user selects a radio button from &lt;job&gt;&amp;#27;[0m                                                                            &amp;#27;[90m# mine.stepdefs.HomePageSteps.SelectJob()&amp;#27;[0m
      &amp;#27;[31morg.openqa.selenium.NoSuchElementException: no such element: Unable to locate element: {&quot;method&quot;:&quot;xpath&quot;,&quot;selector&quot;:&quot;//div[contains(text(),&apos;Consultas sobre futbol base&apos;)]//ancestor::mat-radio-button&quot;}
  (Session info: chrome=102.0.5005.63)
For documentation on this error, please visit: https://www.seleniumhq.org/exceptions/no_such_element.html
Build info: version: &apos;3.141.59&apos;, revision: &apos;e82be7d358&apos;, time: &apos;2018-11-14T08:17:03&apos;
System info: host: &apos;HL-01023&apos;, ip: &apos;10.50.8.5&apos;, os.name: &apos;Windows 10&apos;, os.arch: &apos;x86&apos;, os.version: &apos;10.0&apos;, java.version: &apos;1.8.0_321&apos;
Driver info: org.openqa.selenium.chrome.ChromeDriver
Capabilities {acceptInsecureCerts: false, browserName: chrome, browserVersion: 102.0.5005.63, chrome: {chromedriverVersion: 102.0.5005.61 (0e59bcc00cc4..., userDataDir: C:\Users\tnerghes\AppData\L...}, goog:chromeOptions: {debuggerAddress: localhost:50577}, javascriptEnabled: true, networkConnectionEnabled: false, pageLoadStrategy: normal, platform: WINDOWS, platformName: WINDOWS, proxy: Proxy(), setWindowRect: true, strictFileInteractability: false, timeouts: {implicit: 0, pageLoad: 300000, script: 30000}, unhandledPromptBehavior: dismiss and notify, webauthn:extension:credBlob: true, webauthn:extension:largeBlob: true, webauthn:virtualAuthenticators: true}
Session ID: 85de419b10aa5df808829c9cc89fd0cf
*** Element info: {Using=xpath, value=//div[contains(text(),&apos;Consultas sobre futbol base&apos;)]//ancestor::mat-radio-button}
	at sun.reflect.NativeConstructorAccessorImpl.newInstance0(Native Method)
	at sun.reflect.NativeConstructorAccessorImpl.newInstance(NativeConstructorAccessorImpl.java:62)
	at sun.reflect.DelegatingConstructorAccessorImpl.newInstance(DelegatingConstructorAccessorImpl.java:45)
	at java.lang.reflect.Constructor.newInstance(Constructor.java:423)
	at org.openqa.selenium.remote.http.W3CHttpResponseCodec.createException(W3CHttpResponseCodec.java:187)
	at org.openqa.selenium.remote.http.W3CHttpResponseCodec.decode(W3CHttpResponseCodec.java:122)
	at org.openqa.selenium.remote.http.W3CHttpResponseCodec.decode(W3CHttpResponseCodec.java:49)
	at org.openqa.selenium.remote.HttpCommandExecutor.execute(HttpCommandExecutor.java:158)
	at org.openqa.selenium.remote.service.DriverComman</system-out>
    <system-err>Starting ChromeDriver 102.0.5005.61 (0e59bcc00cc4985ce39ad31c150065f159d95ad3-refs/branch-heads/5005@{#819}) on port 45016
Only local connections are allowed.
Please see https://chromedriver.chromium.org/security-considerations for suggestions on keeping ChromeDriver safe.
ChromeDriver was started successfully.
jun 06, 2022 10:46:36 AM org.openqa.selenium.remote.ProtocolHandshake createSession
INFORMACI�N: Detected dialect: W3C
</system-err>
  </testcase>
  <testcase classname="Access HomePage" name="Verify that users can complete Client Information form" time="9.891">
    <error message="element not interactable
  (Session info: chrome=102.0.5005.63)
Build info: version: &apos;3.141.59&apos;, revision: &apos;e82be7d358&apos;, time: &apos;2018-11-14T08:17:03&apos;
System info: host: &apos;HL-01023&apos;, ip: &apos;10.50.8.5&apos;, os.name: &apos;Windows 10&apos;, os.arch: &apos;x86&apos;, os.version: &apos;10.0&apos;, java.version: &apos;1.8.0_321&apos;
Driver info: org.openqa.selenium.chrome.ChromeDriver
Capabilities {acceptInsecureCerts: false, browserName: chrome, browserVersion: 102.0.5005.63, chrome: {chromedriverVersion: 102.0.5005.61 (0e59bcc00cc4..., userDataDir: C:\Users\tnerghes\AppData\L...}, goog:chromeOptions: {debuggerAddress: localhost:50600}, javascriptEnabled: true, networkConnectionEnabled: false, pageLoadStrategy: normal, platform: WINDOWS, platformName: WINDOWS, proxy: Proxy(), setWindowRect: true, strictFileInteractability: false, timeouts: {implicit: 0, pageLoad: 300000, script: 30000}, unhandledPromptBehavior: dismiss and notify, webauthn:extension:credBlob: true, webauthn:extension:largeBlob: true, webauthn:virtualAuthenticators: true}
Session ID: 7d7db7b19154bff62d4a54edeea2c30b" type="org.openqa.selenium.ElementNotInteractableException">org.openqa.selenium.ElementNotInteractableException: element not interactable
  (Session info: chrome=102.0.5005.63)
Build info: version: &apos;3.141.59&apos;, revision: &apos;e82be7d358&apos;, time: &apos;2018-11-14T08:17:03&apos;
System info: host: &apos;HL-01023&apos;, ip: &apos;10.50.8.5&apos;, os.name: &apos;Windows 10&apos;, os.arch: &apos;x86&apos;, os.version: &apos;10.0&apos;, java.version: &apos;1.8.0_321&apos;
Driver info: org.openqa.selenium.chrome.ChromeDriver
Capabilities {acceptInsecureCerts: false, browserName: chrome, browserVersion: 102.0.5005.63, chrome: {chromedriverVersion: 102.0.5005.61 (0e59bcc00cc4..., userDataDir: C:\Users\tnerghes\AppData\L...}, goog:chromeOptions: {debuggerAddress: localhost:50600}, javascriptEnabled: true, networkConnectionEnabled: false, pageLoadStrategy: normal, platform: WINDOWS, platformName: WINDOWS, proxy: Proxy(), setWindowRect: true, strictFileInteractability: false, timeouts: {implicit: 0, pageLoad: 300000, script: 30000}, unhandledPromptBehavior: dismiss and notify, webauthn:extension:credBlob: true, webauthn:extension:largeBlob: true, webauthn:virtualAuthenticators: true}
Session ID: 7d7db7b19154bff62d4a54edeea2c30b
	at sun.reflect.NativeConstructorAccessorImpl.newInstance0(Native Method)
	at sun.reflect.NativeConstructorAccessorImpl.newInstance(NativeConstructorAccessorImpl.java:62)
	at sun.reflect.DelegatingConstructorAccessorImpl.newInstance(DelegatingConstructorAccessorImpl.java:45)
	at java.lang.reflect.Constructor.newInstance(Constructor.java:423)
	at org.openqa.selenium.remote.http.W3CHttpResponseCodec.createException(W3CHttpResponseCodec.java:187)
	at org.openqa.selenium.remote.http.W3CHttpResponseCodec.decode(W3CHttpResponseCodec.java:122)
	at org.openqa.selenium.remote.http.W3CHttpResponseCodec.decode(W3CHttpResponseCodec.java:49)
	at org.openqa.selenium.remote.HttpCommandExecutor.execute(HttpCommandExecutor.java:158)
	at org.openqa.selenium.remote.service.DriverCommandExecutor.execute(DriverCommandExecutor.java:83)
	at org.openqa.selenium.remote.RemoteWebDriver.execute(RemoteWebDriver.java:552)
	at org.openqa.selenium.remote.RemoteWebElement.execute(RemoteWebElement.java:285)
	at org.openqa.selenium.remote.RemoteWebElement.click(RemoteWebElement.java:84)
	at sun.reflect.NativeMethodAccessorImpl.invoke0(Native Method)
	at sun.reflect.NativeMethodAccessorImpl.invoke(NativeMethodAccessorImpl.java:62)
	at sun.reflect.DelegatingMethodAccessorImpl.invoke(DelegatingMethodAccessorImpl.java:43)
	at java.lang.reflect.Method.invoke(Method.java:498)
	at org.openqa.selenium.support.pagefactory.internal.LocatingElementHandler.invoke(LocatingElementHandler.java:51)
	at com.sun.proxy.$Proxy18.click(Unknown Source)
	at mine.pages.HomePage.clickDate(HomePage.java:127)
	at mine.stepdefs.HomePageSteps.selectsAvailableDate(HomePageSteps.java:114)
	at ✽.The user selects an available date(file:///C:/Users/tnerghes/Desktop/Automatizacion%20UltimaVersionSintra/src/test/resources/homePage.feature:52)
</error>
    <system-err>Starting ChromeDriver 102.0.5005.61 (0e59bcc00cc4985ce39ad31c150065f159d95ad3-refs/branch-heads/5005@{#819}) on port 30663
Only local connections are allowed.
Please see https://chromedriver.chromium.org/security-considerations for suggestions on keeping ChromeDriver safe.
ChromeDriver was started successfully.
jun 06, 2022 10:46:46 AM org.openqa.selenium.remote.ProtocolHandshake createSession
INFORMACI�N: Detected dialect: W3C
</system-err>
  </testcase>
</testsuite>